<?xml version="1.0" encoding="UTF-8"?>
<!-- Generated by org.testng.reporters.JUnitReportReporter -->
<testsuite skipped="0" hostname="Sumitha" name="UdemyProject.PractiseMaven.Day1Test" tests="2" failures="0" timestamp="2022-05-10T13:47:37 IST" time="0.000" errors="0">
  <testcase name="gethome" time="0.000" classname="UdemyProject.PractiseMaven.Day1Test"/>
  <system-out/>
  <testcase name="getURL" time="0.000" classname="UdemyProject.PractiseMaven.Day1Test"/>
  <system-out/>
</testsuite> <!-- UdemyProject.PractiseMaven.Day1Test -->
