<?xml version="1.0" encoding="UTF-8"?>
<!-- Generated by org.testng.reporters.JUnitReportReporter -->
<testsuite skipped="0" hostname="Sumitha" name="UdemyProject.PractiseMaven.RegDay2Test" tests="2" failures="0" timestamp="2022-05-10T13:47:37 IST" time="0.019" errors="0">
  <testcase name="getagainlogin" time="0.019" classname="UdemyProject.PractiseMaven.RegDay2Test"/>
  <system-out/>
  <testcase name="getagainlogout" time="0.000" classname="UdemyProject.PractiseMaven.RegDay2Test"/>
  <system-out/>
</testsuite> <!-- UdemyProject.PractiseMaven.RegDay2Test -->
