<?xml version="1.0" encoding="UTF-8"?>
<!-- Generated by org.testng.reporters.JUnitReportReporter -->
<testsuite skipped="0" hostname="Sumitha" name="UdemyProject.PractiseMaven.RegDay1Test" tests="2" failures="0" timestamp="2022-05-10T13:47:37 IST" time="0.002" errors="0">
  <testcase name="getHome" time="0.001" classname="UdemyProject.PractiseMaven.RegDay1Test"/>
  <system-out/>
  <testcase name="getLogout" time="0.001" classname="UdemyProject.PractiseMaven.RegDay1Test"/>
  <system-out/>
</testsuite> <!-- UdemyProject.PractiseMaven.RegDay1Test -->
